<?xml version="1.0" encoding="UTF-8"?>
<!-- Generated by org.testng.reporters.JUnitReportReporter -->
<testsuite skipped="0" hostname="DESKTOP-G7PJL0M" name="com.qa.TestCases.LoginTest" tests="5" failures="0" timestamp="16 Aug 2020 09:56:13 GMT" time="220.833" errors="0">
  <testcase name="verifyLoginTest" time="24.537" classname="com.qa.TestCases.LoginTest"/>
  <testcase name="verifyPageTitle" time="39.356" classname="com.qa.TestCases.LoginTest"/>
  <testcase name="verifyinvalidLoginLogout" time="45.474" classname="com.qa.TestCases.LoginTest"/>
  <testcase name="verifyForgotPass" time="57.175" classname="com.qa.TestCases.LoginTest"/>
  <testcase name="verifyThatGoto" time="54.291" classname="com.qa.TestCases.LoginTest"/>
</testsuite> <!-- com.qa.TestCases.LoginTest -->
