<?xml version="1.0" encoding="UTF-8"?>
<!-- Generated by org.testng.reporters.JUnitReportReporter -->
<testsuite skipped="0" hostname="DESKTOP-G7PJL0M" name="com.qa.TestCases.CalenderTest" tests="2" failures="0" timestamp="16 Aug 2020 09:56:13 GMT" time="133.087" errors="0">
  <testcase name="verifyErrorMsg" time="74.099" classname="com.qa.TestCases.CalenderTest"/>
  <testcase name="verifythetAddcalenderTest" time="58.988" classname="com.qa.TestCases.CalenderTest"/>
</testsuite> <!-- com.qa.TestCases.CalenderTest -->
