<?xml version="1.0" encoding="UTF-8"?>
<!-- Generated by org.testng.reporters.JUnitReportReporter -->
<testsuite skipped="0" hostname="DESKTOP-G7PJL0M" name="com.qa.TestCases.LoginTest" tests="5" failures="0" timestamp="16 Aug 2020 09:09:19 GMT" time="235.968" errors="0">
  <testcase name="verifyLoginTest" time="39.216" classname="com.qa.TestCases.LoginTest"/>
  <testcase name="verifyPageTitle" time="34.697" classname="com.qa.TestCases.LoginTest"/>
  <testcase name="verifyinvalidLoginLogout" time="37.048" classname="com.qa.TestCases.LoginTest"/>
  <testcase name="verifyForgotPass" time="52.998" classname="com.qa.TestCases.LoginTest"/>
  <testcase name="verifyThatGoto" time="72.009" classname="com.qa.TestCases.LoginTest"/>
</testsuite> <!-- com.qa.TestCases.LoginTest -->
